[0112/172148.882:ERROR:directory_reader_win.cc(43)] FindFirstFile: The system cannot find the path specified. (0x3)
[0122/003002.573:ERROR:directory_reader_win.cc(43)] FindFirstFile: The system cannot find the path specified. (0x3)
[0122/010853.480:ERROR:process_memory_win.cc(73)] ReadMemory at 0x214aedefcf0 of 72 bytes failed: Only part of a ReadProcessMemory or WriteProcessMemory request was completed. (0x12B)
[0122/010853.623:WARNING:pe_image_annotations_reader.cc(135)] could not read annotations list object in C:\Program Files (x86)\Google\Chrome\Application\87.0.4280.141\chrome_elf.dll
[0122/010853.623:ERROR:process_memory_win.cc(73)] ReadMemory at 0x214aee34e20 of 72 bytes failed: Only part of a ReadProcessMemory or WriteProcessMemory request was completed. (0x12B)
[0122/010853.643:WARNING:pe_image_annotations_reader.cc(135)] could not read annotations list object in C:\Program Files (x86)\Google\Chrome\Application\87.0.4280.141\chrome.dll
[0122/010853.645:ERROR:process_memory_win.cc(73)] ReadMemory at 0x214aedefcf0 of 72 bytes failed: Only part of a ReadProcessMemory or WriteProcessMemory request was completed. (0x12B)
[0122/010853.645:WARNING:pe_image_annotations_reader.cc(135)] could not read annotations list object in C:\Program Files (x86)\Google\Chrome\Application\87.0.4280.141\chrome_elf.dll
[0122/010853.645:ERROR:process_memory_win.cc(73)] ReadMemory at 0x214aee34e20 of 72 bytes failed: Only part of a ReadProcessMemory or WriteProcessMemory request was completed. (0x12B)
[0122/010853.646:WARNING:pe_image_annotations_reader.cc(135)] could not read annotations list object in C:\Program Files (x86)\Google\Chrome\Application\87.0.4280.141\chrome.dll
[0122/010854.291:ERROR:process_memory_win.cc(73)] ReadMemory at 0xc7b3bea000 of 90112 bytes failed: Only part of a ReadProcessMemory or WriteProcessMemory request was completed. (0x12B)
[0122/010854.291:ERROR:process_memory_win.cc(73)] ReadMemory at 0xc7b43fe000 of 8192 bytes failed: Only part of a ReadProcessMemory or WriteProcessMemory request was completed. (0x12B)
[0122/010854.291:ERROR:process_memory_win.cc(73)] ReadMemory at 0xc7b4bf6000 of 40960 bytes failed: Only part of a ReadProcessMemory or WriteProcessMemory request was completed. (0x12B)
[0122/010854.291:ERROR:process_memory_win.cc(73)] ReadMemory at 0xc7b53fe000 of 8192 bytes failed: Only part of a ReadProcessMemory or WriteProcessMemory request was completed. (0x12B)
[0122/010854.292:ERROR:process_memory_win.cc(73)] ReadMemory at 0xc7b5bfd000 of 12288 bytes failed: Only part of a ReadProcessMemory or WriteProcessMemory request was completed. (0x12B)
[0122/010854.292:ERROR:process_memory_win.cc(73)] ReadMemory at 0xc7b63fe000 of 8192 bytes failed: Only part of a ReadProcessMemory or WriteProcessMemory request was completed. (0x12B)
[0122/010854.292:ERROR:process_memory_win.cc(73)] ReadMemory at 0xc7b6bfe000 of 8192 bytes failed: Only part of a ReadProcessMemory or WriteProcessMemory request was completed. (0x12B)
[0122/010854.292:ERROR:process_memory_win.cc(73)] ReadMemory at 0xc7b73fc000 of 16384 bytes failed: Only part of a ReadProcessMemory or WriteProcessMemory request was completed. (0x12B)
[0122/010854.292:ERROR:process_memory_win.cc(73)] ReadMemory at 0xc7b83fe000 of 8192 bytes failed: Only part of a ReadProcessMemory or WriteProcessMemory request was completed. (0x12B)
[0122/010854.292:ERROR:process_memory_win.cc(73)] ReadMemory at 0xc7b8bfc000 of 16384 bytes failed: Only part of a ReadProcessMemory or WriteProcessMemory request was completed. (0x12B)
[0122/010854.292:ERROR:process_memory_win.cc(73)] ReadMemory at 0xc7b93fe000 of 8192 bytes failed: Only part of a ReadProcessMemory or WriteProcessMemory request was completed. (0x12B)
[0122/010854.292:ERROR:process_memory_win.cc(73)] ReadMemory at 0xc7ba3fe000 of 8192 bytes failed: Only part of a ReadProcessMemory or WriteProcessMemory request was completed. (0x12B)
[0122/010854.293:ERROR:process_memory_win.cc(73)] ReadMemory at 0xc7b7bfd000 of 12288 bytes failed: Only part of a ReadProcessMemory or WriteProcessMemory request was completed. (0x12B)
[0122/010854.293:ERROR:process_memory_win.cc(73)] ReadMemory at 0xc7b9bfc000 of 16384 bytes failed: Only part of a ReadProcessMemory or WriteProcessMemory request was completed. (0x12B)
[0122/010854.293:ERROR:process_memory_win.cc(73)] ReadMemory at 0xc7babff000 of 4096 bytes failed: Only part of a ReadProcessMemory or WriteProcessMemory request was completed. (0x12B)
[0122/010854.293:ERROR:process_memory_win.cc(73)] ReadMemory at 0xc7b325e000 of 852 bytes failed: Only part of a ReadProcessMemory or WriteProcessMemory request was completed. (0x12B)
[0122/010854.293:ERROR:process_memory_win.cc(73)] ReadMemory at 0xc7b325f000 of 6024 bytes failed: Only part of a ReadProcessMemory or WriteProcessMemory request was completed. (0x12B)
[0122/010854.293:ERROR:process_memory_win.cc(73)] ReadMemory at 0xc7b3261000 of 6024 bytes failed: Only part of a ReadProcessMemory or WriteProcessMemory request was completed. (0x12B)
[0122/010854.293:ERROR:process_memory_win.cc(73)] ReadMemory at 0xc7b3263000 of 6024 bytes failed: Only part of a ReadProcessMemory or WriteProcessMemory request was completed. (0x12B)
[0122/010854.294:ERROR:process_memory_win.cc(73)] ReadMemory at 0xc7b3265000 of 6024 bytes failed: Only part of a ReadProcessMemory or WriteProcessMemory request was completed. (0x12B)
[0122/010854.294:ERROR:process_memory_win.cc(73)] ReadMemory at 0xc7b3267000 of 6024 bytes failed: Only part of a ReadProcessMemory or WriteProcessMemory request was completed. (0x12B)
[0122/010854.294:ERROR:process_memory_win.cc(73)] ReadMemory at 0xc7b3269000 of 6024 bytes failed: Only part of a ReadProcessMemory or WriteProcessMemory request was completed. (0x12B)
[0122/010854.294:ERROR:process_memory_win.cc(73)] ReadMemory at 0xc7b326b000 of 6024 bytes failed: Only part of a ReadProcessMemory or WriteProcessMemory request was completed. (0x12B)
[0122/010854.294:ERROR:process_memory_win.cc(73)] ReadMemory at 0xc7b326d000 of 6024 bytes failed: Only part of a ReadProcessMemory or WriteProcessMemory request was completed. (0x12B)
[0122/010854.294:ERROR:process_memory_win.cc(73)] ReadMemory at 0xc7b3271000 of 6024 bytes failed: Only part of a ReadProcessMemory or WriteProcessMemory request was completed. (0x12B)
[0122/010854.294:ERROR:process_memory_win.cc(73)] ReadMemory at 0xc7b3273000 of 6024 bytes failed: Only part of a ReadProcessMemory or WriteProcessMemory request was completed. (0x12B)
[0122/010854.294:ERROR:process_memory_win.cc(73)] ReadMemory at 0xc7b3275000 of 6024 bytes failed: Only part of a ReadProcessMemory or WriteProcessMemory request was completed. (0x12B)
[0122/010854.295:ERROR:process_memory_win.cc(73)] ReadMemory at 0xc7b327d000 of 6024 bytes failed: Only part of a ReadProcessMemory or WriteProcessMemory request was completed. (0x12B)
[0122/010854.295:ERROR:process_memory_win.cc(73)] ReadMemory at 0xc7b3281000 of 6024 bytes failed: Only part of a ReadProcessMemory or WriteProcessMemory request was completed. (0x12B)
[0122/010854.295:ERROR:process_memory_win.cc(73)] ReadMemory at 0xc7b3285000 of 6024 bytes failed: Only part of a ReadProcessMemory or WriteProcessMemory request was completed. (0x12B)
[0122/010854.295:ERROR:process_memory_win.cc(73)] ReadMemory at 0xc7b3287000 of 6024 bytes failed: Only part of a ReadProcessMemory or WriteProcessMemory request was completed. (0x12B)
[0122/010854.312:ERROR:process_memory_win.cc(73)] ReadMemory at 0x214aede0fe0 of 17842 bytes failed: Only part of a ReadProcessMemory or WriteProcessMemory request was completed. (0x12B)
[0122/010854.313:ERROR:process_memory_win.cc(73)] ReadMemory at 0x214aede55a0 of 1012 bytes failed: Only part of a ReadProcessMemory or WriteProcessMemory request was completed. (0x12B)
[0122/010854.313:ERROR:process_memory_win.cc(73)] ReadMemory at 0x214aede5be8 of 118 bytes failed: Only part of a ReadProcessMemory or WriteProcessMemory request was completed. (0x12B)
[0122/010854.313:ERROR:process_memory_win.cc(73)] ReadMemory at 0x214aede5c60 of 716 bytes failed: Only part of a ReadProcessMemory or WriteProcessMemory request was completed. (0x12B)
[0122/010854.313:ERROR:process_memory_win.cc(73)] ReadMemory at 0x214aede5f2e of 118 bytes failed: Only part of a ReadProcessMemory or WriteProcessMemory request was completed. (0x12B)
[0122/010854.313:ERROR:process_memory_win.cc(73)] ReadMemory at 0x214aede5fa6 of 102 bytes failed: Only part of a ReadProcessMemory or WriteProcessMemory request was completed. (0x12B)
[0122/010854.399:ERROR:process_memory_win.cc(73)] ReadMemory at 0x214aede6020 of 58 bytes failed: Only part of a ReadProcessMemory or WriteProcessMemory request was completed. (0x12B)
[0122/010854.400:ERROR:process_memory_win.cc(73)] ReadMemory at 0x214aede6120 of 132 bytes failed: Only part of a ReadProcessMemory or WriteProcessMemory request was completed. (0x12B)
[0122/010854.400:ERROR:process_memory_win.cc(73)] ReadMemory at 0x214aede62b0 of 132 bytes failed: Only part of a ReadProcessMemory or WriteProcessMemory request was completed. (0x12B)
[0122/010854.400:ERROR:process_memory_win.cc(73)] ReadMemory at 0x214aede6470 of 126 bytes failed: Only part of a ReadProcessMemory or WriteProcessMemory request was completed. (0x12B)
[0122/010854.400:ERROR:process_memory_win.cc(73)] ReadMemory at 0x214aede6970 of 132 bytes failed: Only part of a ReadProcessMemory or WriteProcessMemory request was completed. (0x12B)
[0122/010854.401:ERROR:process_memory_win.cc(73)] ReadMemory at 0x214aede6b00 of 64 bytes failed: Only part of a ReadProcessMemory or WriteProcessMemory request was completed. (0x12B)
[0122/010854.401:ERROR:process_memory_win.cc(73)] ReadMemory at 0x214aede6cc0 of 132 bytes failed: Only part of a ReadProcessMemory or WriteProcessMemory request was completed. (0x12B)
[0122/010854.401:ERROR:process_memory_win.cc(73)] ReadMemory at 0x214aede6f60 of 132 bytes failed: Only part of a ReadProcessMemory or WriteProcessMemory request was completed. (0x12B)
[0122/010854.432:ERROR:process_memory_win.cc(73)] ReadMemory at 0x214aede70f0 of 68 bytes failed: Only part of a ReadProcessMemory or WriteProcessMemory request was completed. (0x12B)
[0122/010854.433:ERROR:process_memory_win.cc(73)] ReadMemory at 0x214aede81a0 of 132 bytes failed: Only part of a ReadProcessMemory or WriteProcessMemory request was completed. (0x12B)
[0122/010854.433:ERROR:process_memory_win.cc(73)] ReadMemory at 0x214aede8330 of 154 bytes failed: Only part of a ReadProcessMemory or WriteProcessMemory request was completed. (0x12B)
[0122/010854.433:ERROR:process_memory_win.cc(73)] ReadMemory at 0x214aede9ca0 of 62 bytes failed: Only part of a ReadProcessMemory or WriteProcessMemory request was completed. (0x12B)
[0122/010854.433:ERROR:process_memory_win.cc(73)] ReadMemory at 0x214aede9dd0 of 132 bytes failed: Only part of a ReadProcessMemory or WriteProcessMemory request was completed. (0x12B)
[0122/010854.433:ERROR:process_memory_win.cc(73)] ReadMemory at 0x214aede9f60 of 60 bytes failed: Only part of a ReadProcessMemory or WriteProcessMemory request was completed. (0x12B)
[0122/010854.434:ERROR:process_memory_win.cc(73)] ReadMemory at 0x214aedf9d70 of 80 bytes failed: Only part of a ReadProcessMemory or WriteProcessMemory request was completed. (0x12B)
[0122/010854.434:ERROR:process_memory_win.cc(73)] ReadMemory at 0x214aedfb680 of 132 bytes failed: Only part of a ReadProcessMemory or WriteProcessMemory request was completed. (0x12B)
[0122/010854.434:ERROR:process_memory_win.cc(73)] ReadMemory at 0x214aedfc500 of 132 bytes failed: Only part of a ReadProcessMemory or WriteProcessMemory request was completed. (0x12B)
[0122/010854.434:ERROR:process_memory_win.cc(73)] ReadMemory at 0x214aedfcd00 of 76 bytes failed: Only part of a ReadProcessMemory or WriteProcessMemory request was completed. (0x12B)
[0122/010854.434:ERROR:process_memory_win.cc(73)] ReadMemory at 0x214aedfcfa0 of 80 bytes failed: Only part of a ReadProcessMemory or WriteProcessMemory request was completed. (0x12B)
[0122/010854.435:ERROR:process_memory_win.cc(73)] ReadMemory at 0x214aedff4e0 of 132 bytes failed: Only part of a ReadProcessMemory or WriteProcessMemory request was completed. (0x12B)
[0122/010854.435:ERROR:process_memory_win.cc(73)] ReadMemory at 0x214aee03fe0 of 62 bytes failed: Only part of a ReadProcessMemory or WriteProcessMemory request was completed. (0x12B)
[0122/010854.435:ERROR:process_memory_win.cc(73)] ReadMemory at 0x214aee04080 of 66 bytes failed: Only part of a ReadProcessMemory or WriteProcessMemory request was completed. (0x12B)
[0122/010854.435:ERROR:process_memory_win.cc(73)] ReadMemory at 0x214aee040d0 of 58 bytes failed: Only part of a ReadProcessMemory or WriteProcessMemory request was completed. (0x12B)
[0122/010854.435:ERROR:process_memory_win.cc(73)] ReadMemory at 0x214aee04210 of 64 bytes failed: Only part of a ReadProcessMemory or WriteProcessMemory request was completed. (0x12B)
[0122/010854.435:ERROR:process_memory_win.cc(73)] ReadMemory at 0x214aee042b0 of 64 bytes failed: Only part of a ReadProcessMemory or WriteProcessMemory request was completed. (0x12B)
[0122/010854.435:ERROR:process_memory_win.cc(73)] ReadMemory at 0x214aee04300 of 60 bytes failed: Only part of a ReadProcessMemory or WriteProcessMemory request was completed. (0x12B)
[0122/010854.456:ERROR:process_memory_win.cc(73)] ReadMemory at 0x214aee04350 of 66 bytes failed: Only part of a ReadProcessMemory or WriteProcessMemory request was completed. (0x12B)
[0122/010854.457:ERROR:process_memory_win.cc(73)] ReadMemory at 0x214aee043f0 of 64 bytes failed: Only part of a ReadProcessMemory or WriteProcessMemory request was completed. (0x12B)
[0122/010854.457:ERROR:process_memory_win.cc(73)] ReadMemory at 0x214aee04530 of 62 bytes failed: Only part of a ReadProcessMemory or WriteProcessMemory request was completed. (0x12B)
[0122/010854.457:ERROR:process_memory_win.cc(73)] ReadMemory at 0x214aee04580 of 60 bytes failed: Only part of a ReadProcessMemory or WriteProcessMemory request was completed. (0x12B)
[0122/010854.457:ERROR:process_memory_win.cc(73)] ReadMemory at 0x214aee04670 of 62 bytes failed: Only part of a ReadProcessMemory or WriteProcessMemory request was completed. (0x12B)
[0122/010854.457:ERROR:process_memory_win.cc(73)] ReadMemory at 0x214aee046c0 of 60 bytes failed: Only part of a ReadProcessMemory or WriteProcessMemory request was completed. (0x12B)
[0122/010854.457:ERROR:process_memory_win.cc(73)] ReadMemory at 0x214aee04710 of 62 bytes failed: Only part of a ReadProcessMemory or WriteProcessMemory request was completed. (0x12B)
[0122/010854.458:ERROR:process_memory_win.cc(73)] ReadMemory at 0x214aee04760 of 62 bytes failed: Only part of a ReadProcessMemory or WriteProcessMemory request was completed. (0x12B)
[0122/010854.461:ERROR:process_memory_win.cc(73)] ReadMemory at 0x214aee04850 of 64 bytes failed: Only part of a ReadProcessMemory or WriteProcessMemory request was completed. (0x12B)
[0122/010854.462:ERROR:process_memory_win.cc(73)] ReadMemory at 0x214aee04990 of 62 bytes failed: Only part of a ReadProcessMemory or WriteProcessMemory request was completed. (0x12B)
[0122/010854.462:ERROR:process_memory_win.cc(73)] ReadMemory at 0x214aee049e0 of 60 bytes failed: Only part of a ReadProcessMemory or WriteProcessMemory request was completed. (0x12B)
[0122/010854.764:ERROR:process_memory_win.cc(73)] ReadMemory at 0x214aee04ad0 of 64 bytes failed: Only part of a ReadProcessMemory or WriteProcessMemory request was completed. (0x12B)
[0122/010854.764:ERROR:process_memory_win.cc(73)] ReadMemory at 0x214aee04b70 of 64 bytes failed: Only part of a ReadProcessMemory or WriteProcessMemory request was completed. (0x12B)
[0122/010854.764:ERROR:process_memory_win.cc(73)] ReadMemory at 0x214aee04bc0 of 62 bytes failed: Only part of a ReadProcessMemory or WriteProcessMemory request was completed. (0x12B)
[0122/010855.022:ERROR:process_memory_win.cc(73)] ReadMemory at 0x214aee04c10 of 62 bytes failed: Only part of a ReadProcessMemory or WriteProcessMemory request was completed. (0x12B)
[0122/010855.023:ERROR:process_memory_win.cc(73)] ReadMemory at 0x214aee04d50 of 62 bytes failed: Only part of a ReadProcessMemory or WriteProcessMemory request was completed. (0x12B)
[0122/010855.023:ERROR:process_memory_win.cc(73)] ReadMemory at 0x214aee04da0 of 62 bytes failed: Only part of a ReadProcessMemory or WriteProcessMemory request was completed. (0x12B)
[0122/010855.023:ERROR:process_memory_win.cc(73)] ReadMemory at 0x214aee04e40 of 60 bytes failed: Only part of a ReadProcessMemory or WriteProcessMemory request was completed. (0x12B)
[0122/010855.023:ERROR:process_memory_win.cc(73)] ReadMemory at 0x214aee04e90 of 64 bytes failed: Only part of a ReadProcessMemory or WriteProcessMemory request was completed. (0x12B)
[0122/010855.024:ERROR:process_memory_win.cc(73)] ReadMemory at 0x214aee04ee0 of 64 bytes failed: Only part of a ReadProcessMemory or WriteProcessMemory request was completed. (0x12B)
[0122/010855.024:ERROR:process_memory_win.cc(73)] ReadMemory at 0x214aee04f30 of 60 bytes failed: Only part of a ReadProcessMemory or WriteProcessMemory request was completed. (0x12B)
[0122/010855.024:ERROR:process_memory_win.cc(73)] ReadMemory at 0x214aee050b0 of 54 bytes failed: Only part of a ReadProcessMemory or WriteProcessMemory request was completed. (0x12B)
[0122/010855.024:ERROR:process_memory_win.cc(73)] ReadMemory at 0x214aee06b10 of 132 bytes failed: Only part of a ReadProcessMemory or WriteProcessMemory request was completed. (0x12B)
[0122/010855.048:ERROR:process_memory_win.cc(73)] ReadMemory at 0x214aee07d10 of 132 bytes failed: Only part of a ReadProcessMemory or WriteProcessMemory request was completed. (0x12B)
[0122/010855.049:ERROR:process_memory_win.cc(73)] ReadMemory at 0x214aee07e40 of 132 bytes failed: Only part of a ReadProcessMemory or WriteProcessMemory request was completed. (0x12B)
[0122/010855.354:ERROR:process_memory_win.cc(73)] ReadMemory at 0x214aee081a0 of 132 bytes failed: Only part of a ReadProcessMemory or WriteProcessMemory request was completed. (0x12B)
[0122/010855.355:ERROR:process_memory_win.cc(73)] ReadMemory at 0x214aee0a420 of 132 bytes failed: Only part of a ReadProcessMemory or WriteProcessMemory request was completed. (0x12B)
[0122/010855.356:ERROR:process_memory_win.cc(73)] ReadMemory at 0x214aee0a550 of 132 bytes failed: Only part of a ReadProcessMemory or WriteProcessMemory request was completed. (0x12B)
[0122/010855.356:ERROR:process_memory_win.cc(73)] ReadMemory at 0x214aee0a680 of 132 bytes failed: Only part of a ReadProcessMemory or WriteProcessMemory request was completed. (0x12B)
[0122/010855.356:ERROR:process_memory_win.cc(73)] ReadMemory at 0x214aee0a8e0 of 132 bytes failed: Only part of a ReadProcessMemory or WriteProcessMemory request was completed. (0x12B)
[0122/010855.356:ERROR:process_memory_win.cc(73)] ReadMemory at 0x214aee0aa10 of 132 bytes failed: Only part of a ReadProcessMemory or WriteProcessMemory request was completed. (0x12B)
[0122/010855.356:ERROR:process_memory_win.cc(73)] ReadMemory at 0x214aee0ab40 of 132 bytes failed: Only part of a ReadProcessMemory or WriteProcessMemory request was completed. (0x12B)
[0122/010855.357:ERROR:process_memory_win.cc(73)] ReadMemory at 0x214aee0ac70 of 132 bytes failed: Only part of a ReadProcessMemory or WriteProcessMemory request was completed. (0x12B)
[0122/010855.357:ERROR:process_memory_win.cc(73)] ReadMemory at 0x214aee0ada0 of 132 bytes failed: Only part of a ReadProcessMemory or WriteProcessMemory request was completed. (0x12B)
[0122/010855.357:ERROR:process_memory_win.cc(73)] ReadMemory at 0x214aee0aed0 of 132 bytes failed: Only part of a ReadProcessMemory or WriteProcessMemory request was completed. (0x12B)
[0122/010855.357:ERROR:process_memory_win.cc(73)] ReadMemory at 0x214aee0b000 of 132 bytes failed: Only part of a ReadProcessMemory or WriteProcessMemory request was completed. (0x12B)
[0122/010855.357:ERROR:process_memory_win.cc(73)] ReadMemory at 0x214aee0b130 of 132 bytes failed: Only part of a ReadProcessMemory or WriteProcessMemory request was completed. (0x12B)
[0122/010855.357:ERROR:process_memory_win.cc(73)] ReadMemory at 0x214aee0b260 of 132 bytes failed: Only part of a ReadProcessMemory or WriteProcessMemory request was completed. (0x12B)
[0122/010855.489:ERROR:process_memory_win.cc(73)] ReadMemory at 0x214aee0bc20 of 146 bytes failed: Only part of a ReadProcessMemory or WriteProcessMemory request was completed. (0x12B)
[0122/010855.489:ERROR:process_memory_win.cc(73)] ReadMemory at 0x214aee0bd00 of 132 bytes failed: Only part of a ReadProcessMemory or WriteProcessMemory request was completed. (0x12B)
[0122/010855.489:ERROR:process_memory_win.cc(73)] ReadMemory at 0x214aee0be30 of 132 bytes failed: Only part of a ReadProcessMemory or WriteProcessMemory request was completed. (0x12B)
[0122/010855.489:ERROR:process_memory_win.cc(73)] ReadMemory at 0x214aee0db90 of 132 bytes failed: Only part of a ReadProcessMemory or WriteProcessMemory request was completed. (0x12B)
[0122/010855.489:ERROR:process_memory_win.cc(73)] ReadMemory at 0x214aee0dff0 of 132 bytes failed: Only part of a ReadProcessMemory or WriteProcessMemory request was completed. (0x12B)
[0122/010855.490:ERROR:process_memory_win.cc(73)] ReadMemory at 0x214aee0e120 of 132 bytes failed: Only part of a ReadProcessMemory or WriteProcessMemory request was completed. (0x12B)
[0122/010855.490:ERROR:process_memory_win.cc(73)] ReadMemory at 0x214aee0e250 of 132 bytes failed: Only part of a ReadProcessMemory or WriteProcessMemory request was completed. (0x12B)
[0122/010855.490:ERROR:process_memory_win.cc(73)] ReadMemory at 0x214aee0e380 of 132 bytes failed: Only part of a ReadProcessMemory or WriteProcessMemory request was completed. (0x12B)
[0122/010855.490:ERROR:process_memory_win.cc(73)] ReadMemory at 0x214aee0e5e0 of 132 bytes failed: Only part of a ReadProcessMemory or WriteProcessMemory request was completed. (0x12B)
[0122/010855.490:ERROR:process_memory_win.cc(73)] ReadMemory at 0x214aee0e710 of 132 bytes failed: Only part of a ReadProcessMemory or WriteProcessMemory request was completed. (0x12B)
[0122/010855.490:ERROR:process_memory_win.cc(73)] ReadMemory at 0x214aee0f680 of 132 bytes failed: Only part of a ReadProcessMemory or WriteProcessMemory request was completed. (0x12B)
[0122/010855.490:ERROR:process_memory_win.cc(73)] ReadMemory at 0x214aee0fa10 of 132 bytes failed: Only part of a ReadProcessMemory or WriteProcessMemory request was completed. (0x12B)
[0122/010855.490:ERROR:process_memory_win.cc(73)] ReadMemory at 0x214aee0fc70 of 132 bytes failed: Only part of a ReadProcessMemory or WriteProcessMemory request was completed. (0x12B)
[0122/010855.491:ERROR:process_memory_win.cc(73)] ReadMemory at 0x214aee0fda0 of 132 bytes failed: Only part of a ReadProcessMemory or WriteProcessMemory request was completed. (0x12B)
[0122/010855.491:ERROR:process_memory_win.cc(73)] ReadMemory at 0x214aee5e5a0 of 512 bytes failed: Only part of a ReadProcessMemory or WriteProcessMemory request was completed. (0x12B)
[0122/010855.491:ERROR:process_memory_win.cc(73)] ReadMemory at 0x214aee5eb70 of 512 bytes failed: Only part of a ReadProcessMemory or WriteProcessMemory request was completed. (0x12B)
[0122/010855.491:ERROR:process_memory_win.cc(73)] ReadMemory at 0x214aee5f720 of 896 bytes failed: Only part of a ReadProcessMemory or WriteProcessMemory request was completed. (0x12B)
[0122/010855.491:ERROR:process_memory_win.cc(73)] ReadMemory at 0x214aee80b80 of 512 bytes failed: Only part of a ReadProcessMemory or WriteProcessMemory request was completed. (0x12B)
[0122/010855.491:ERROR:process_memory_win.cc(73)] ReadMemory at 0x214aee82850 of 712 bytes failed: Only part of a ReadProcessMemory or WriteProcessMemory request was completed. (0x12B)
[0122/010855.491:ERROR:process_memory_win.cc(73)] ReadMemory at 0x214aee88e00 of 512 bytes failed: Only part of a ReadProcessMemory or WriteProcessMemory request was completed. (0x12B)
[0122/010855.492:ERROR:process_memory_win.cc(73)] ReadMemory at 0x214aeeaea40 of 512 bytes failed: Only part of a ReadProcessMemory or WriteProcessMemory request was completed. (0x12B)
[0122/010855.492:ERROR:process_memory_win.cc(73)] ReadMemory at 0x214aeeaec80 of 512 bytes failed: Only part of a ReadProcessMemory or WriteProcessMemory request was completed. (0x12B)
[0122/010855.492:ERROR:process_memory_win.cc(73)] ReadMemory at 0x214aeec6856 of 716 bytes failed: Only part of a ReadProcessMemory or WriteProcessMemory request was completed. (0x12B)
[0122/010855.492:ERROR:process_memory_win.cc(73)] ReadMemory at 0x214b0960000 of 384 bytes failed: Only part of a ReadProcessMemory or WriteProcessMemory request was completed. (0x12B)
[0122/010855.492:ERROR:process_memory_win.cc(73)] ReadMemory at 0x214b0964f18 of 512 bytes failed: Only part of a ReadProcessMemory or WriteProcessMemory request was completed. (0x12B)
[0122/010855.492:ERROR:process_memory_win.cc(73)] ReadMemory at 0x214b0965428 of 512 bytes failed: Only part of a ReadProcessMemory or WriteProcessMemory request was completed. (0x12B)
[0122/010855.492:ERROR:process_memory_win.cc(73)] ReadMemory at 0x214b0968b40 of 512 bytes failed: Only part of a ReadProcessMemory or WriteProcessMemory request was completed. (0x12B)
[0122/010855.493:ERROR:process_memory_win.cc(73)] ReadMemory at 0x214b098cdc0 of 512 bytes failed: Only part of a ReadProcessMemory or WriteProcessMemory request was completed. (0x12B)
[0122/010855.493:ERROR:process_memory_win.cc(73)] ReadMemory at 0x214b09f4010 of 512 bytes failed: Only part of a ReadProcessMemory or WriteProcessMemory request was completed. (0x12B)
[0122/010855.493:ERROR:process_memory_win.cc(73)] ReadMemory at 0x214b0cfc2f8 of 512 bytes failed: Only part of a ReadProcessMemory or WriteProcessMemory request was completed. (0x12B)
[0122/010855.493:ERROR:process_memory_win.cc(73)] ReadMemory at 0x214b32da7d0 of 512 bytes failed: Only part of a ReadProcessMemory or WriteProcessMemory request was completed. (0x12B)
[0122/010855.676:ERROR:scoped_process_suspend.cc(40)] NtResumeProcess: An attempt was made to access an exiting process. (0xc000010a)
